<?xml version="1.0" encoding="UTF-8"?>
<robot generator="Robot 5.0.1 (Python 3.10.5 on win32)" generated="20220623 20:23:12.623" rpa="false" schemaversion="3">
<suite id="s1" name="Test" source="D:\belajar\dojobox\WebAutomationTesting\test.robot">
<test id="s1-t1" name="I go to homepage" line="11">
<kw name="Open Browser" library="SeleniumLibrary" type="SETUP">
<arg>${base_url}</arg>
<arg>${base_type}</arg>
<doc>Opens a new browser instance to the optional ``url``.</doc>
<msg timestamp="20220623 20:23:13.255" level="INFO">Opening browser 'chrome' to base url 'http://automationpractice.com/'.</msg>
<status status="PASS" starttime="20220623 20:23:13.254" endtime="20220623 20:23:54.317"/>
</kw>
<kw name="Maximize Browser Window" library="SeleniumLibrary">
<doc>Maximizes current browser window.</doc>
<status status="PASS" starttime="20220623 20:23:54.320" endtime="20220623 20:23:54.503"/>
</kw>
<kw name="Click Element" library="SeleniumLibrary">
<arg>//input[@id="search_query_top"]</arg>
<doc>Click the element identified by ``locator``.</doc>
<msg timestamp="20220623 20:23:54.505" level="INFO">Clicking element '//input[@id="search_query_top"]'.</msg>
<status status="PASS" starttime="20220623 20:23:54.504" endtime="20220623 20:23:54.631"/>
</kw>
<kw name="Close Browser" library="SeleniumLibrary" type="TEARDOWN">
<doc>Closes the current browser.</doc>
<status status="PASS" starttime="20220623 20:23:54.637" endtime="20220623 20:23:57.296"/>
</kw>
<status status="PASS" starttime="20220623 20:23:13.253" endtime="20220623 20:23:57.296"/>
</test>
<test id="s1-t2" name="I go to email and password" line="16">
<kw name="Open Browser" library="SeleniumLibrary" type="SETUP">
<arg>${base_url}</arg>
<arg>${base_type}</arg>
<doc>Opens a new browser instance to the optional ``url``.</doc>
<msg timestamp="20220623 20:23:57.308" level="INFO">Opening browser 'chrome' to base url 'http://automationpractice.com/'.</msg>
<msg timestamp="20220623 20:29:00.943" level="INFO" html="true">&lt;/td&gt;&lt;/tr&gt;&lt;tr&gt;&lt;td colspan="3"&gt;&lt;a href="selenium-screenshot-1.png"&gt;&lt;img src="selenium-screenshot-1.png" width="800px"&gt;&lt;/a&gt;</msg>
<msg timestamp="20220623 20:29:00.946" level="FAIL">TimeoutException: Message: timeout: Timed out receiving message from renderer: 292.915
  (Session info: chrome=102.0.5005.115)
Stacktrace:
Backtrace:
	Ordinal0 [0x0095D953+2414931]
	Ordinal0 [0x008EF5E1+1963489]
	Ordinal0 [0x007DC6B8+837304]
	Ordinal0 [0x007CD740+776000]
	Ordinal0 [0x007CC565+771429]
	Ordinal0 [0x007CCB68+772968]
	Ordinal0 [0x007D785F+817247]
	Ordinal0 [0x007E255B+861531]
	Ordinal0 [0x007E4F70+872304]
	Ordinal0 [0x007CCE36+773686]
	Ordinal0 [0x007E23A9+861097]
	Ordinal0 [0x00834B55+1198933]
	Ordinal0 [0x008242B6+1131190]
	Ordinal0 [0x007FE860+976992]
	Ordinal0 [0x007FF756+980822]
	GetHandleVerifier [0x00BCCC62+2510274]
	GetHandleVerifier [0x00BBF760+2455744]
	GetHandleVerifier [0x009EEABA+551962]
	GetHandleVerifier [0x009ED916+547446]
	Ordinal0 [0x008F5F3B+1990459]
	Ordinal0 [0x008FA898+2009240]
	Ordinal0 [0x008FA985+2009477]
	Ordinal0 [0x00903AD1+2046673]
	BaseThreadInitThunk [0x7604FA29+25]
	RtlGetAppContainerNamedObjectPath [0x77D67A9E+286]
	RtlGetAppContainerNamedObjectPath [0x77D67A6E+238]
</msg>
<status status="FAIL" starttime="20220623 20:23:57.307" endtime="20220623 20:29:01.048"/>
</kw>
<kw name="Close Browser" library="SeleniumLibrary" type="TEARDOWN">
<doc>Closes the current browser.</doc>
<status status="PASS" starttime="20220623 20:29:01.051" endtime="20220623 20:29:03.438"/>
</kw>
<status status="FAIL" starttime="20220623 20:23:57.304" endtime="20220623 20:29:03.438">Setup failed:
TimeoutException: Message: timeout: Timed out receiving message from renderer: 292.915
  (Session info: chrome=102.0.5005.115)
Stacktrace:
Backtrace:
	Ordinal0 [0x0095D953+2414931]
	Ordinal0 [0x008EF5E1+1963489]
	Ordinal0 [0x007DC6B8+837304]
	Ordinal0 [0x007CD740+776000]
	Ordinal0 [0x007CC565+771429]
	Ordinal0 [0x007CCB68+772968]
	Ordinal0 [0x007D785F+817247]
	Ordinal0 [0x007E255B+861531]
	Ordinal0 [0x007E4F70+872304]
	Ordinal0 [0x007CCE36+773686]
	Ordinal0 [0x007E23A9+861097]
	Ordinal0 [0x00834B55+1198933]
	Ordinal0 [0x008242B6+1131190]
	Ordinal0 [0x007FE860+976992]
	Ordinal0 [0x007FF756+980822]
	GetHandleVerifier [0x00BCCC62+2510274]
	GetHandleVerifier [0x00BBF760+2455744]
	GetHandleVerifier [0x009EEABA+551962]
	GetHandleVerifier [0x009ED916+547446]
	Ordinal0 [0x008F5F3B+1990459]
	Ordinal0 [0x008FA898+2009240]
	Ordinal0 [0x008FA985+2009477]
	Ordinal0 [0x00903AD1+2046673]
	BaseThreadInitThunk [0x7604FA29+25]
	RtlGetAppContainerNamedObjectPath [0x77D67A9E+286]
	RtlGetAppContainerNamedObjectPath [0x77D67A6E+238]
</status>
</test>
<status status="FAIL" starttime="20220623 20:23:12.623" endtime="20220623 20:29:03.442"/>
</suite>
<statistics>
<total>
<stat pass="1" fail="1" skip="0">All Tests</stat>
</total>
<tag>
</tag>
<suite>
<stat pass="1" fail="1" skip="0" id="s1" name="Test">Test</stat>
</suite>
</statistics>
<errors>
</errors>
</robot>
